<?xml version="1.0" encoding="UTF-8"?>
<!-- Generated by org.testng.reporters.JUnitReportReporter -->
<testsuite hostname="FFE-Dammavalam-Pavani" failures="0" tests="1" name="practise.TestClasForOBJRepoTest" time="18.086" errors="0" timestamp="2025-08-22T12:02:33 IST" skipped="0">
  <testcase classname="practise.TestClasForOBJRepoTest" name="createCampaignTest" time="18.086"/>
</testsuite> <!-- practise.TestClasForOBJRepoTest -->
