<?xml version="1.0" encoding="UTF-8"?>
<!-- Generated by org.testng.reporters.JUnitReportReporter -->
<testsuite hostname="FFE-Dammavalam-Pavani" failures="0" tests="1" name="testNGPractise.TestNGEx" time="0.013" errors="0" timestamp="2025-08-14T10:33:27 IST" skipped="0">
  <testcase classname="testNGPractise.TestNGEx" name="sampleTest" time="0.013"/>
</testsuite> <!-- testNGPractise.TestNGEx -->
