<?xml version="1.0" encoding="UTF-8"?>
<!-- Generated by org.testng.reporters.JUnitReportReporter -->
<testsuite hostname="FFE-Dammavalam-Pavani" failures="0" tests="4" name="helperAttributes.DataProvider_" time="0.013" errors="0" timestamp="2025-08-18T11:37:38 IST" skipped="0">
  <testcase classname="helperAttributes.DataProvider_" name="dataProviderEg" time="0.001"/>
  <testcase classname="helperAttributes.DataProvider_" name="dataProviderEg" time="0.009"/>
  <testcase classname="helperAttributes.DataProvider_" name="dataProviderEg" time="0.001"/>
  <testcase classname="helperAttributes.DataProvider_" name="dataProviderEg" time="0.002"/>
</testsuite> <!-- helperAttributes.DataProvider_ -->
