<?xml version="1.0" encoding="UTF-8"?>
<!-- Generated by org.testng.reporters.JUnitReportReporter -->
<testsuite hostname="FFE-Dammavalam-Pavani" failures="0" tests="1" name="practise.TestClasForOBJRepo" time="11.494" errors="0" timestamp="2025-08-14T10:37:01 IST" skipped="0">
  <testcase classname="practise.TestClasForOBJRepo" name="createCampaignTest" time="11.494"/>
</testsuite> <!-- practise.TestClasForOBJRepo -->
