<?xml version="1.0" encoding="UTF-8"?>
<!-- Generated by org.testng.reporters.JUnitReportReporter -->
<testsuite hostname="FFE-Dammavalam-Pavani" failures="0" tests="6" name="practise.UsingPOMFile" time="0.015" errors="0" timestamp="2025-08-20T11:44:25 IST" skipped="0">
  <testcase classname="practise.UsingPOMFile" name="sample" time="0.010"/>
  <testcase classname="practise.UsingPOMFile" name="sample1" time="0.001"/>
  <testcase classname="practise.UsingPOMFile" name="sample" time="0.001"/>
  <testcase classname="practise.UsingPOMFile" name="sample2" time="0.001"/>
  <testcase classname="practise.UsingPOMFile" name="sample2" time="0.001"/>
  <testcase classname="practise.UsingPOMFile" name="sample1" time="0.001"/>
</testsuite> <!-- practise.UsingPOMFile -->
